<?xml version="1.0" encoding="UTF-8"?><testrun name="TestRunner" project="CucumberProject" tests="3" started="3" failures="0" errors="2" ignored="1">
  <testsuite name="runner.TestRunner" time="0.412">
    <testsuite name="Feature: Test salesForce Smoke scenario" time="0.412">
      <testsuite name="Scenario: Test login with valid credentials" time="0.398" incomplete="true">
        <error>org.openqa.selenium.NoSuchElementException: Unable to locate element: {"method":"xpath","selector":"//*[@id='idp_hint']/button"}
Command duration or timeout: 305 milliseconds
For documentation on this error, please visit: http://seleniumhq.org/exceptions/no_such_element.html
Build info: version: '2.53.1', revision: 'a36b8b1', time: '2016-06-30 17:37:09'
System info: host: 'L900253', ip: '10.140.46.233', os.name: 'Windows 7', os.arch: 'amd64', os.version: '6.1', java.version: '1.7.0_91'
*** Element info: {Using=xpath, value=//*[@id='idp_hint']/button}
Session ID: 55b48f34-208c-4b1b-91fd-11669d292a5b
Driver info: org.openqa.selenium.firefox.FirefoxDriver
Capabilities [{platform=WINDOWS, acceptSslCerts=true, javascriptEnabled=true, cssSelectorsEnabled=true, databaseEnabled=true, browserName=firefox, handlesAlerts=true, nativeEvents=false, webStorageEnabled=true, rotatable=false, locationContextEnabled=true, applicationCacheEnabled=true, takesScreenshot=true, version=47.0.2}]&#13;
	at sun.reflect.NativeConstructorAccessorImpl.newInstance0(Native Method)&#13;
	at sun.reflect.NativeConstructorAccessorImpl.newInstance(Unknown Source)&#13;
	at sun.reflect.DelegatingConstructorAccessorImpl.newInstance(Unknown Source)&#13;
	at java.lang.reflect.Constructor.newInstance(Unknown Source)&#13;
	at org.openqa.selenium.remote.ErrorHandler.createThrowable(ErrorHandler.java:206)&#13;
	at org.openqa.selenium.remote.ErrorHandler.throwIfResponseFailed(ErrorHandler.java:158)&#13;
	at org.openqa.selenium.remote.RemoteWebDriver.execute(RemoteWebDriver.java:678)&#13;
	at org.openqa.selenium.remote.RemoteWebDriver.findElement(RemoteWebDriver.java:363)&#13;
	at org.openqa.selenium.remote.RemoteWebDriver.findElementByXPath(RemoteWebDriver.java:500)&#13;
	at org.openqa.selenium.By$ByXPath.findElement(By.java:361)&#13;
	at org.openqa.selenium.remote.RemoteWebDriver.findElement(RemoteWebDriver.java:355)&#13;
	at stepDefinition.SmokeTest.Enter_the_valid_user_name_and_password(SmokeTest.java:27)&#13;
	at ✽.When Enter the valid user name and password(ScenariosSalesforce.feature:5)&#13;
Caused by: org.openqa.selenium.NoSuchElementException: Unable to locate element: {"method":"xpath","selector":"//*[@id='idp_hint']/button"}
For documentation on this error, please visit: http://seleniumhq.org/exceptions/no_such_element.html
Build info: version: '2.53.1', revision: 'a36b8b1', time: '2016-06-30 17:37:09'
System info: host: 'L900253', ip: '10.140.46.233', os.name: 'Windows 7', os.arch: 'amd64', os.version: '6.1', java.version: '1.7.0_91'
Driver info: driver.version: unknown&#13;
	at &lt;anonymous class&gt;.FirefoxDriver.prototype.findElementInternal_(file:///C:/Windows/Temp/anonymous6468419698424798961webdriver-profile/extensions/fxdriver@googlecode.com/components/driver-component.js:10770)&#13;
	at &lt;anonymous class&gt;.FirefoxDriver.prototype.findElement(file:///C:/Windows/Temp/anonymous6468419698424798961webdriver-profile/extensions/fxdriver@googlecode.com/components/driver-component.js:10779)&#13;
	at &lt;anonymous class&gt;.DelayedCommand.prototype.executeInternal_/h(file:///C:/Windows/Temp/anonymous6468419698424798961webdriver-profile/extensions/fxdriver@googlecode.com/components/command-processor.js:12661)&#13;
	at &lt;anonymous class&gt;.DelayedCommand.prototype.executeInternal_(file:///C:/Windows/Temp/anonymous6468419698424798961webdriver-profile/extensions/fxdriver@googlecode.com/components/command-processor.js:12666)&#13;
	at &lt;anonymous class&gt;.DelayedCommand.prototype.execute/&lt;(file:///C:/Windows/Temp/anonymous6468419698424798961webdriver-profile/extensions/fxdriver@googlecode.com/components/command-processor.js:12608)&#13;
&#13;
</error>
        <testcase name="Given Launch the Firefox and open the Salesforce Application" classname="Scenario: Test login with valid credentials" time="0.353"/>
        <testcase name="When Enter the valid user name and password" classname="Scenario: Test login with valid credentials" time="0.024">
          <error>org.openqa.selenium.NoSuchElementException: Unable to locate element: {"method":"xpath","selector":"//*[@id='idp_hint']/button"}
Command duration or timeout: 305 milliseconds
For documentation on this error, please visit: http://seleniumhq.org/exceptions/no_such_element.html
Build info: version: '2.53.1', revision: 'a36b8b1', time: '2016-06-30 17:37:09'
System info: host: 'L900253', ip: '10.140.46.233', os.name: 'Windows 7', os.arch: 'amd64', os.version: '6.1', java.version: '1.7.0_91'
*** Element info: {Using=xpath, value=//*[@id='idp_hint']/button}
Session ID: 55b48f34-208c-4b1b-91fd-11669d292a5b
Driver info: org.openqa.selenium.firefox.FirefoxDriver
Capabilities [{platform=WINDOWS, acceptSslCerts=true, javascriptEnabled=true, cssSelectorsEnabled=true, databaseEnabled=true, browserName=firefox, handlesAlerts=true, nativeEvents=false, webStorageEnabled=true, rotatable=false, locationContextEnabled=true, applicationCacheEnabled=true, takesScreenshot=true, version=47.0.2}]&#13;
	at sun.reflect.NativeConstructorAccessorImpl.newInstance0(Native Method)&#13;
	at sun.reflect.NativeConstructorAccessorImpl.newInstance(Unknown Source)&#13;
	at sun.reflect.DelegatingConstructorAccessorImpl.newInstance(Unknown Source)&#13;
	at java.lang.reflect.Constructor.newInstance(Unknown Source)&#13;
	at org.openqa.selenium.remote.ErrorHandler.createThrowable(ErrorHandler.java:206)&#13;
	at org.openqa.selenium.remote.ErrorHandler.throwIfResponseFailed(ErrorHandler.java:158)&#13;
	at org.openqa.selenium.remote.RemoteWebDriver.execute(RemoteWebDriver.java:678)&#13;
	at org.openqa.selenium.remote.RemoteWebDriver.findElement(RemoteWebDriver.java:363)&#13;
	at org.openqa.selenium.remote.RemoteWebDriver.findElementByXPath(RemoteWebDriver.java:500)&#13;
	at org.openqa.selenium.By$ByXPath.findElement(By.java:361)&#13;
	at org.openqa.selenium.remote.RemoteWebDriver.findElement(RemoteWebDriver.java:355)&#13;
	at stepDefinition.SmokeTest.Enter_the_valid_user_name_and_password(SmokeTest.java:27)&#13;
	at ✽.When Enter the valid user name and password(ScenariosSalesforce.feature:5)&#13;
Caused by: org.openqa.selenium.NoSuchElementException: Unable to locate element: {"method":"xpath","selector":"//*[@id='idp_hint']/button"}
For documentation on this error, please visit: http://seleniumhq.org/exceptions/no_such_element.html
Build info: version: '2.53.1', revision: 'a36b8b1', time: '2016-06-30 17:37:09'
System info: host: 'L900253', ip: '10.140.46.233', os.name: 'Windows 7', os.arch: 'amd64', os.version: '6.1', java.version: '1.7.0_91'
Driver info: driver.version: unknown&#13;
	at &lt;anonymous class&gt;.FirefoxDriver.prototype.findElementInternal_(file:///C:/Windows/Temp/anonymous6468419698424798961webdriver-profile/extensions/fxdriver@googlecode.com/components/driver-component.js:10770)&#13;
	at &lt;anonymous class&gt;.FirefoxDriver.prototype.findElement(file:///C:/Windows/Temp/anonymous6468419698424798961webdriver-profile/extensions/fxdriver@googlecode.com/components/driver-component.js:10779)&#13;
	at &lt;anonymous class&gt;.DelayedCommand.prototype.executeInternal_/h(file:///C:/Windows/Temp/anonymous6468419698424798961webdriver-profile/extensions/fxdriver@googlecode.com/components/command-processor.js:12661)&#13;
	at &lt;anonymous class&gt;.DelayedCommand.prototype.executeInternal_(file:///C:/Windows/Temp/anonymous6468419698424798961webdriver-profile/extensions/fxdriver@googlecode.com/components/command-processor.js:12666)&#13;
	at &lt;anonymous class&gt;.DelayedCommand.prototype.execute/&lt;(file:///C:/Windows/Temp/anonymous6468419698424798961webdriver-profile/extensions/fxdriver@googlecode.com/components/command-processor.js:12608)&#13;
&#13;
</error>
        </testcase>
        <testcase name="Then User should be able to login sucessfully" classname="Scenario: Test login with valid credentials" time="0.013" ignored="true"/>
      </testsuite>
    </testsuite>
  </testsuite>
</testrun>
